15:50:25.811 [pool-6-thread-7] INFO  play - Listening for HTTP on /0:0:0:0:0:0:0:0:9000
18:25:43.458 [play-internal-execution-context-1] INFO  play - database [default] connected at jdbc:mysql://localhost/playframework?useUnicode=yes&characterEncoding=UTF-8&connectionCollation=utf8_general_ci
18:25:45.591 [play-internal-execution-context-1] INFO  play - Application started (Dev)
18:25:58.811 [play-akka.actor.default-dispatcher-5] INFO  application - Calling from Browser
18:26:00.048 [play-akka.actor.default-dispatcher-5] INFO  application - Call To: 6506448847
18:26:00.050 [play-akka.actor.default-dispatcher-5] INFO  application - Call From: 6506448847
18:26:00.051 [play-akka.actor.default-dispatcher-5] INFO  application - Days: null
18:26:00.052 [play-akka.actor.default-dispatcher-5] INFO  application - Minutes: null
18:26:00.053 [play-akka.actor.default-dispatcher-5] INFO  application - Hours: null
18:26:00.053 [play-akka.actor.default-dispatcher-5] INFO  application - Seconds: 30
18:26:00.054 [play-akka.actor.default-dispatcher-5] INFO  application - Scheduling...
18:26:00.119 [play-akka.actor.default-dispatcher-5] INFO  application - Scheduled
18:26:30.111 [helloakka-akka.actor.default-dispatcher-6] INFO  application - Starting a Call..
18:26:30.126 [helloakka-akka.actor.default-dispatcher-6] INFO  application - Calling API http://e4fa2e.ngrok.com/v1/twilio/delay/0/0/0/30
18:26:35.439 [helloakka-akka.actor.default-dispatcher-6] INFO  application - Calling...
18:27:01.944 [play-akka.actor.default-dispatcher-7] DEBUG application - Finding find FizzBuzz...
18:27:01.966 [play-akka.actor.default-dispatcher-7] DEBUG application - Digit entered by the user: 50
18:27:01.968 [play-akka.actor.default-dispatcher-7] DEBUG application - Caller: +16506448847
18:27:01.969 [play-akka.actor.default-dispatcher-7] DEBUG application - Call TO: +16506448847
18:27:01.971 [play-akka.actor.default-dispatcher-7] INFO  application - FizzBuzz for this request:  1 2 Fizz 4 Buzz Fizz 7 8 Fizz Buzz 11 Fizz 13 14 FIzzBuzz 16 17 Fizz 19 Buzz Fizz 22 23 Fizz Buzz 26 Fizz 28 29 FIzzBuzz 31 32 Fizz 34 Buzz Fizz 37 38 Fizz Buzz 41 Fizz 43 44 FIzzBuzz 46 47 Fizz 49 Buzz
18:27:01.973 [play-akka.actor.default-dispatcher-7] INFO  application - Saving this call in db
18:27:02.196 [play-akka.actor.default-dispatcher-7] DEBUG application - FizBuzz generated for number 50 is: <Response><Say voice="man"> 1 2 Fizz 4 Buzz Fizz 7 8 Fizz Buzz 11 Fizz 13 14 FIzzBuzz 16 17 Fizz 19 Buzz Fizz 22 23 Fizz Buzz 26 Fizz 28 29 FIzzBuzz 31 32 Fizz 34 Buzz Fizz 37 38 Fizz Buzz 41 Fizz 43 44 FIzzBuzz 46 47 Fizz 49 Buzz</Say></Response>
18:27:29.309 [play-akka.actor.default-dispatcher-8] DEBUG application - Get Direct Fizz Buzz  
18:27:29.318 [helloakka-akka.actor.default-dispatcher-4] INFO  application - Starting a Call..
18:27:29.319 [helloakka-akka.actor.default-dispatcher-4] INFO  application - Calling API http://e4fa2e.ngrok.com/v1/twilio/directCall/11
18:27:31.349 [helloakka-akka.actor.default-dispatcher-4] INFO  application - Calling Directly..
18:27:53.057 [play-akka.actor.default-dispatcher-8] DEBUG application - Get Direct Fizz Buzz  
18:27:53.058 [play-akka.actor.default-dispatcher-8] INFO  application - starting direct fizz buzz call...
18:27:53.059 [play-akka.actor.default-dispatcher-8] INFO  application - FizzBuzz for this request:  1 2 Fizz 4 Buzz Fizz 7 8 Fizz Buzz 11
18:29:53.417 [play-internal-execution-context-1] INFO  play - database [default] connected at jdbc:mysql://localhost/playframework?useUnicode=yes&characterEncoding=UTF-8&connectionCollation=utf8_general_ci
18:29:53.576 [play-internal-execution-context-1] INFO  play - Application started (Dev)
18:29:53.680 [play-akka.actor.default-dispatcher-9] INFO  application - Call To: 6506448847
18:29:53.682 [play-akka.actor.default-dispatcher-9] INFO  application - Call From: 6506448847
18:29:53.683 [play-akka.actor.default-dispatcher-9] INFO  application - Days: null
18:29:53.683 [play-akka.actor.default-dispatcher-9] INFO  application - Minutes: null
18:29:53.683 [play-akka.actor.default-dispatcher-9] INFO  application - Hours: null
18:29:53.684 [play-akka.actor.default-dispatcher-9] INFO  application - Seconds: null
18:29:53.684 [play-akka.actor.default-dispatcher-9] INFO  application - Scheduling...
18:29:53.721 [play-akka.actor.default-dispatcher-9] INFO  application - Scheduled
18:29:53.721 [helloakka-akka.actor.default-dispatcher-4] INFO  application - Starting a Call..
18:29:53.725 [helloakka-akka.actor.default-dispatcher-4] INFO  application - Calling API http://e4fa2e.ngrok.com/v1/twilio/delay/0/0/0/0
18:29:55.655 [helloakka-akka.actor.default-dispatcher-4] INFO  application - Calling...
18:30:20.783 [play-akka.actor.default-dispatcher-11] INFO  application - FizzBuzz for this request:  1 2 Fizz 4
18:30:20.784 [play-akka.actor.default-dispatcher-11] INFO  application - Saving this call in db
20:43:53.004 [New I/O worker #14] ERROR application - 

! @6j6pok65f - Internal server error, for (GET) [/?] ->

play.PlayExceptions$CompilationException: Compilation error[error: cannot find symbol]
	at play.PlayExceptions$CompilationException$.apply(PlayExceptions.scala:27) ~[na:na]
	at play.PlayExceptions$CompilationException$.apply(PlayExceptions.scala:27) ~[na:na]
	at scala.Option.map(Option.scala:145) ~[scala-library-2.11.1.jar:na]
	at play.PlayReloader$$anon$1$$anonfun$play$PlayReloader$$anon$$taskFailureHandler$1.apply(PlayReloader.scala:234) ~[na:na]
	at play.PlayReloader$$anon$1$$anonfun$play$PlayReloader$$anon$$taskFailureHandler$1.apply(PlayReloader.scala:229) ~[na:na]
	at scala.Option.map(Option.scala:145) ~[scala-library-2.11.1.jar:na]
	at play.PlayReloader$$anon$1.play$PlayReloader$$anon$$taskFailureHandler(PlayReloader.scala:229) ~[na:na]
	at play.PlayReloader$$anon$1$$anonfun$reload$2.apply(PlayReloader.scala:89) ~[na:na]
	at play.PlayReloader$$anon$1$$anonfun$reload$2.apply(PlayReloader.scala:89) ~[na:na]
	at scala.util.Either$LeftProjection.map(Either.scala:377) ~[scala-library-2.11.1.jar:na]
	at play.PlayReloader$$anon$1.reload(PlayReloader.scala:89) ~[na:na]
	at play.core.ReloadableApplication$$anonfun$get$1.apply(ApplicationProvider.scala:107) ~[play_2.11-2.3.2.jar:2.3.2]
	at play.core.ReloadableApplication$$anonfun$get$1.apply(ApplicationProvider.scala:105) ~[play_2.11-2.3.2.jar:2.3.2]
	at scala.concurrent.impl.Future$PromiseCompletingRunnable.liftedTree1$1(Future.scala:24) ~[scala-library-2.11.1.jar:na]
	at scala.concurrent.impl.Future$PromiseCompletingRunnable.run(Future.scala:24) ~[scala-library-2.11.1.jar:na]
	at scala.concurrent.forkjoin.ForkJoinTask$AdaptedRunnableAction.exec(ForkJoinTask.java:1361) ~[scala-library-2.11.1.jar:na]
	at scala.concurrent.forkjoin.ForkJoinTask.doExec(ForkJoinTask.java:260) ~[scala-library-2.11.1.jar:na]
	at scala.concurrent.forkjoin.ForkJoinPool$WorkQueue.runTask(ForkJoinPool.java:1339) ~[scala-library-2.11.1.jar:na]
	at scala.concurrent.forkjoin.ForkJoinPool.runWorker(ForkJoinPool.java:1979) ~[scala-library-2.11.1.jar:na]
	at scala.concurrent.forkjoin.ForkJoinWorkerThread.run(ForkJoinWorkerThread.java:107) ~[scala-library-2.11.1.jar:na]
20:45:42.970 [play-internal-execution-context-1] INFO  play - database [default] connected at jdbc:mysql://localhost/playframework?useUnicode=yes&characterEncoding=UTF-8&connectionCollation=utf8_general_ci
20:45:43.266 [play-internal-execution-context-1] INFO  play - Application started (Dev)
20:46:11.555 [play-internal-execution-context-1] INFO  play - database [default] connected at jdbc:mysql://localhost/playframework?useUnicode=yes&characterEncoding=UTF-8&connectionCollation=utf8_general_ci
20:46:11.712 [play-internal-execution-context-1] INFO  play - Application started (Dev)
20:46:11.812 [play-akka.actor.default-dispatcher-12] INFO  application - Call To: 6506448847
20:46:11.814 [play-akka.actor.default-dispatcher-12] INFO  application - Call From: 6506448847
20:46:11.815 [play-akka.actor.default-dispatcher-12] INFO  application - Days: null
20:46:11.816 [play-akka.actor.default-dispatcher-12] INFO  application - Minutes: null
20:46:11.816 [play-akka.actor.default-dispatcher-12] INFO  application - Hours: null
20:46:11.817 [play-akka.actor.default-dispatcher-12] INFO  application - Seconds: null
20:46:11.822 [play-akka.actor.default-dispatcher-12] INFO  application - Scheduling...
20:46:11.856 [play-akka.actor.default-dispatcher-12] INFO  application - Scheduled
20:46:11.856 [helloakka-akka.actor.default-dispatcher-2] INFO  application - Starting a Call..
20:46:11.860 [helloakka-akka.actor.default-dispatcher-2] INFO  application - Calling API http://e4fa2e.ngrok.com/v1/twilio/delay/0/0/0/0
20:46:13.526 [helloakka-akka.actor.default-dispatcher-2] INFO  application - Calling...
20:46:54.377 [play-akka.actor.default-dispatcher-14] INFO  application - FizzBuzz for this request:  1 2 Fizz 4 Buzz Fizz 7 8 Fizz
20:46:54.379 [play-akka.actor.default-dispatcher-14] INFO  application - Saving this call in db
21:45:16.898 [play-akka.actor.default-dispatcher-13] ERROR play - Cannot invoke the action, eventually got an error: java.lang.NullPointerException
21:45:16.945 [play-akka.actor.default-dispatcher-13] ERROR application - 

! @6j706llld - Internal server error, for (GET) [/getCallRecords?] ->

play.api.Application$$anon$1: Execution exception[[NullPointerException: null]]
	at play.api.Application$class.handleError(Application.scala:296) ~[play_2.11-2.3.2.jar:2.3.2]
	at play.api.DefaultApplication.handleError(Application.scala:402) [play_2.11-2.3.2.jar:2.3.2]
	at play.core.server.netty.PlayDefaultUpstreamHandler$$anonfun$3$$anonfun$applyOrElse$4.apply(PlayDefaultUpstreamHandler.scala:320) [play_2.11-2.3.2.jar:2.3.2]
	at play.core.server.netty.PlayDefaultUpstreamHandler$$anonfun$3$$anonfun$applyOrElse$4.apply(PlayDefaultUpstreamHandler.scala:320) [play_2.11-2.3.2.jar:2.3.2]
	at scala.Option.map(Option.scala:145) [scala-library-2.11.1.jar:na]
	at play.core.server.netty.PlayDefaultUpstreamHandler$$anonfun$3.applyOrElse(PlayDefaultUpstreamHandler.scala:320) [play_2.11-2.3.2.jar:2.3.2]
	at play.core.server.netty.PlayDefaultUpstreamHandler$$anonfun$3.applyOrElse(PlayDefaultUpstreamHandler.scala:316) [play_2.11-2.3.2.jar:2.3.2]
	at scala.concurrent.Future$$anonfun$recoverWith$1.apply(Future.scala:344) [scala-library-2.11.1.jar:na]
	at scala.concurrent.Future$$anonfun$recoverWith$1.apply(Future.scala:343) [scala-library-2.11.1.jar:na]
	at scala.concurrent.impl.CallbackRunnable.run(Promise.scala:32) [scala-library-2.11.1.jar:na]
	at play.api.libs.iteratee.Execution$trampoline$.execute(Execution.scala:46) [play-iteratees_2.11-2.3.2.jar:2.3.2]
	at scala.concurrent.impl.CallbackRunnable.executeWithValue(Promise.scala:40) [scala-library-2.11.1.jar:na]
	at scala.concurrent.impl.Promise$DefaultPromise.tryComplete(Promise.scala:248) [scala-library-2.11.1.jar:na]
	at scala.concurrent.Promise$class.complete(Promise.scala:55) [scala-library-2.11.1.jar:na]
	at scala.concurrent.impl.Promise$DefaultPromise.complete(Promise.scala:153) [scala-library-2.11.1.jar:na]
	at scala.concurrent.impl.Future$PromiseCompletingRunnable.run(Future.scala:23) [scala-library-2.11.1.jar:na]
	at akka.dispatch.TaskInvocation.run(AbstractDispatcher.scala:41) [akka-actor_2.11-2.3.4.jar:na]
	at akka.dispatch.ForkJoinExecutorConfigurator$AkkaForkJoinTask.exec(AbstractDispatcher.scala:393) [akka-actor_2.11-2.3.4.jar:na]
	at scala.concurrent.forkjoin.ForkJoinTask.doExec(ForkJoinTask.java:260) [scala-library-2.11.1.jar:na]
	at scala.concurrent.forkjoin.ForkJoinPool$WorkQueue.runTask(ForkJoinPool.java:1339) [scala-library-2.11.1.jar:na]
	at scala.concurrent.forkjoin.ForkJoinPool.runWorker(ForkJoinPool.java:1979) [scala-library-2.11.1.jar:na]
	at scala.concurrent.forkjoin.ForkJoinWorkerThread.run(ForkJoinWorkerThread.java:107) [scala-library-2.11.1.jar:na]
Caused by: java.lang.NullPointerException: null
	at scala.collection.convert.Wrappers$JListWrapper.iterator(Wrappers.scala:88) ~[scala-library-2.11.1.jar:na]
	at scala.collection.IterableLike$class.foreach(IterableLike.scala:72) ~[scala-library-2.11.1.jar:na]
	at scala.collection.AbstractIterable.foreach(Iterable.scala:54) ~[scala-library-2.11.1.jar:na]
	at scala.collection.TraversableLike$class.map(TraversableLike.scala:245) ~[scala-library-2.11.1.jar:na]
	at scala.collection.AbstractTraversable.map(Traversable.scala:104) ~[scala-library-2.11.1.jar:na]
	at views.html.callHistory$.apply(callHistory.template.scala:58) ~[na:na]
	at views.html.callHistory$.render(callHistory.template.scala:89) ~[na:na]
	at views.html.callHistory.render(callHistory.template.scala) ~[na:na]
	at com.lendup.controllers.TwilioApplication.getCallRecords(TwilioApplication.java:199) ~[na:na]
	at Routes$$anonfun$routes$1$$anonfun$applyOrElse$8$$anonfun$apply$8.apply(routes_routing.scala:178) ~[na:na]
	at Routes$$anonfun$routes$1$$anonfun$applyOrElse$8$$anonfun$apply$8.apply(routes_routing.scala:178) ~[na:na]
	at play.core.Router$HandlerInvokerFactory$$anon$4.resultCall(Router.scala:264) ~[play_2.11-2.3.2.jar:2.3.2]
	at play.core.Router$HandlerInvokerFactory$JavaActionInvokerFactory$$anon$15$$anon$1.invocation(Router.scala:255) ~[play_2.11-2.3.2.jar:2.3.2]
	at play.core.j.JavaAction$$anon$1.call(JavaAction.scala:55) ~[play_2.11-2.3.2.jar:2.3.2]
	at play.core.j.JavaAction$$anonfun$11.apply(JavaAction.scala:82) ~[play_2.11-2.3.2.jar:2.3.2]
	at play.core.j.JavaAction$$anonfun$11.apply(JavaAction.scala:82) ~[play_2.11-2.3.2.jar:2.3.2]
	at scala.concurrent.impl.Future$PromiseCompletingRunnable.liftedTree1$1(Future.scala:24) [scala-library-2.11.1.jar:na]
	at scala.concurrent.impl.Future$PromiseCompletingRunnable.run(Future.scala:24) [scala-library-2.11.1.jar:na]
	at play.core.j.HttpExecutionContext$$anon$2.run(HttpExecutionContext.scala:40) ~[play_2.11-2.3.2.jar:2.3.2]
	at play.api.libs.iteratee.Execution$trampoline$.execute(Execution.scala:46) [play-iteratees_2.11-2.3.2.jar:2.3.2]
	at play.core.j.HttpExecutionContext.execute(HttpExecutionContext.scala:32) ~[play_2.11-2.3.2.jar:2.3.2]
	at scala.concurrent.impl.Future$.apply(Future.scala:31) ~[scala-library-2.11.1.jar:na]
	at scala.concurrent.Future$.apply(Future.scala:492) ~[scala-library-2.11.1.jar:na]
	at play.core.j.JavaAction$class.apply(JavaAction.scala:82) ~[play_2.11-2.3.2.jar:2.3.2]
	at play.core.Router$HandlerInvokerFactory$JavaActionInvokerFactory$$anon$15$$anon$1.apply(Router.scala:252) ~[play_2.11-2.3.2.jar:2.3.2]
	at play.api.mvc.Action$$anonfun$apply$1$$anonfun$apply$4$$anonfun$apply$5.apply(Action.scala:130) ~[play_2.11-2.3.2.jar:2.3.2]
	at play.api.mvc.Action$$anonfun$apply$1$$anonfun$apply$4$$anonfun$apply$5.apply(Action.scala:130) ~[play_2.11-2.3.2.jar:2.3.2]
	at play.utils.Threads$.withContextClassLoader(Threads.scala:21) ~[play_2.11-2.3.2.jar:2.3.2]
	at play.api.mvc.Action$$anonfun$apply$1$$anonfun$apply$4.apply(Action.scala:129) ~[play_2.11-2.3.2.jar:2.3.2]
	at play.api.mvc.Action$$anonfun$apply$1$$anonfun$apply$4.apply(Action.scala:128) ~[play_2.11-2.3.2.jar:2.3.2]
	at scala.Option.map(Option.scala:145) [scala-library-2.11.1.jar:na]
	at play.api.mvc.Action$$anonfun$apply$1.apply(Action.scala:128) ~[play_2.11-2.3.2.jar:2.3.2]
	at play.api.mvc.Action$$anonfun$apply$1.apply(Action.scala:121) ~[play_2.11-2.3.2.jar:2.3.2]
	at play.api.libs.iteratee.Iteratee$$anonfun$mapM$1.apply(Iteratee.scala:483) ~[play-iteratees_2.11-2.3.2.jar:2.3.2]
	at play.api.libs.iteratee.Iteratee$$anonfun$mapM$1.apply(Iteratee.scala:483) ~[play-iteratees_2.11-2.3.2.jar:2.3.2]
	at play.api.libs.iteratee.Iteratee$$anonfun$flatMapM$1.apply(Iteratee.scala:519) ~[play-iteratees_2.11-2.3.2.jar:2.3.2]
	at play.api.libs.iteratee.Iteratee$$anonfun$flatMapM$1.apply(Iteratee.scala:519) ~[play-iteratees_2.11-2.3.2.jar:2.3.2]
	at play.api.libs.iteratee.Iteratee$$anonfun$flatMap$1$$anonfun$apply$14.apply(Iteratee.scala:496) ~[play-iteratees_2.11-2.3.2.jar:2.3.2]
	at play.api.libs.iteratee.Iteratee$$anonfun$flatMap$1$$anonfun$apply$14.apply(Iteratee.scala:496) ~[play-iteratees_2.11-2.3.2.jar:2.3.2]
	at scala.concurrent.impl.Future$PromiseCompletingRunnable.liftedTree1$1(Future.scala:24) [scala-library-2.11.1.jar:na]
	at scala.concurrent.impl.Future$PromiseCompletingRunnable.run(Future.scala:24) [scala-library-2.11.1.jar:na]
	... 6 common frames omitted
21:51:32.786 [New I/O worker #4] ERROR application - 

! @6j707h5l0 - Internal server error, for (GET) [/getCallRecords?] ->

play.PlayExceptions$CompilationException: Compilation error[error: cannot find symbol]
	at play.PlayExceptions$CompilationException$.apply(PlayExceptions.scala:27) ~[na:na]
	at play.PlayExceptions$CompilationException$.apply(PlayExceptions.scala:27) ~[na:na]
	at scala.Option.map(Option.scala:145) ~[scala-library-2.11.1.jar:na]
	at play.PlayReloader$$anon$1$$anonfun$play$PlayReloader$$anon$$taskFailureHandler$1.apply(PlayReloader.scala:234) ~[na:na]
	at play.PlayReloader$$anon$1$$anonfun$play$PlayReloader$$anon$$taskFailureHandler$1.apply(PlayReloader.scala:229) ~[na:na]
	at scala.Option.map(Option.scala:145) ~[scala-library-2.11.1.jar:na]
	at play.PlayReloader$$anon$1.play$PlayReloader$$anon$$taskFailureHandler(PlayReloader.scala:229) ~[na:na]
	at play.PlayReloader$$anon$1$$anonfun$reload$2.apply(PlayReloader.scala:89) ~[na:na]
	at play.PlayReloader$$anon$1$$anonfun$reload$2.apply(PlayReloader.scala:89) ~[na:na]
	at scala.util.Either$LeftProjection.map(Either.scala:377) ~[scala-library-2.11.1.jar:na]
	at play.PlayReloader$$anon$1.reload(PlayReloader.scala:89) ~[na:na]
	at play.core.ReloadableApplication$$anonfun$get$1.apply(ApplicationProvider.scala:107) ~[play_2.11-2.3.2.jar:2.3.2]
	at play.core.ReloadableApplication$$anonfun$get$1.apply(ApplicationProvider.scala:105) ~[play_2.11-2.3.2.jar:2.3.2]
	at scala.concurrent.impl.Future$PromiseCompletingRunnable.liftedTree1$1(Future.scala:24) ~[scala-library-2.11.1.jar:na]
	at scala.concurrent.impl.Future$PromiseCompletingRunnable.run(Future.scala:24) ~[scala-library-2.11.1.jar:na]
	at scala.concurrent.forkjoin.ForkJoinTask$AdaptedRunnableAction.exec(ForkJoinTask.java:1361) ~[scala-library-2.11.1.jar:na]
	at scala.concurrent.forkjoin.ForkJoinTask.doExec(ForkJoinTask.java:260) ~[scala-library-2.11.1.jar:na]
	at scala.concurrent.forkjoin.ForkJoinPool$WorkQueue.runTask(ForkJoinPool.java:1339) ~[scala-library-2.11.1.jar:na]
	at scala.concurrent.forkjoin.ForkJoinPool.runWorker(ForkJoinPool.java:1979) ~[scala-library-2.11.1.jar:na]
	at scala.concurrent.forkjoin.ForkJoinWorkerThread.run(ForkJoinWorkerThread.java:107) ~[scala-library-2.11.1.jar:na]
21:52:09.581 [New I/O worker #5] ERROR application - 

! @6j707j867 - Internal server error, for (GET) [/getCallRecords?] ->

play.PlayExceptions$CompilationException: Compilation error[error: cannot find symbol]
	at play.PlayExceptions$CompilationException$.apply(PlayExceptions.scala:27) ~[na:na]
	at play.PlayExceptions$CompilationException$.apply(PlayExceptions.scala:27) ~[na:na]
	at scala.Option.map(Option.scala:145) ~[scala-library-2.11.1.jar:na]
	at play.PlayReloader$$anon$1$$anonfun$play$PlayReloader$$anon$$taskFailureHandler$1.apply(PlayReloader.scala:234) ~[na:na]
	at play.PlayReloader$$anon$1$$anonfun$play$PlayReloader$$anon$$taskFailureHandler$1.apply(PlayReloader.scala:229) ~[na:na]
	at scala.Option.map(Option.scala:145) ~[scala-library-2.11.1.jar:na]
	at play.PlayReloader$$anon$1.play$PlayReloader$$anon$$taskFailureHandler(PlayReloader.scala:229) ~[na:na]
	at play.PlayReloader$$anon$1$$anonfun$reload$2.apply(PlayReloader.scala:89) ~[na:na]
	at play.PlayReloader$$anon$1$$anonfun$reload$2.apply(PlayReloader.scala:89) ~[na:na]
	at scala.util.Either$LeftProjection.map(Either.scala:377) ~[scala-library-2.11.1.jar:na]
	at play.PlayReloader$$anon$1.reload(PlayReloader.scala:89) ~[na:na]
	at play.core.ReloadableApplication$$anonfun$get$1.apply(ApplicationProvider.scala:107) ~[play_2.11-2.3.2.jar:2.3.2]
	at play.core.ReloadableApplication$$anonfun$get$1.apply(ApplicationProvider.scala:105) ~[play_2.11-2.3.2.jar:2.3.2]
	at scala.concurrent.impl.Future$PromiseCompletingRunnable.liftedTree1$1(Future.scala:24) ~[scala-library-2.11.1.jar:na]
	at scala.concurrent.impl.Future$PromiseCompletingRunnable.run(Future.scala:24) ~[scala-library-2.11.1.jar:na]
	at scala.concurrent.forkjoin.ForkJoinTask$AdaptedRunnableAction.exec(ForkJoinTask.java:1361) ~[scala-library-2.11.1.jar:na]
	at scala.concurrent.forkjoin.ForkJoinTask.doExec(ForkJoinTask.java:260) ~[scala-library-2.11.1.jar:na]
	at scala.concurrent.forkjoin.ForkJoinPool$WorkQueue.runTask(ForkJoinPool.java:1339) ~[scala-library-2.11.1.jar:na]
	at scala.concurrent.forkjoin.ForkJoinPool.runWorker(ForkJoinPool.java:1979) ~[scala-library-2.11.1.jar:na]
	at scala.concurrent.forkjoin.ForkJoinWorkerThread.run(ForkJoinWorkerThread.java:107) ~[scala-library-2.11.1.jar:na]
21:53:23.074 [play-internal-execution-context-1] INFO  play - database [default] connected at jdbc:mysql://localhost/playframework?useUnicode=yes&characterEncoding=UTF-8&connectionCollation=utf8_general_ci
21:53:23.289 [play-internal-execution-context-1] INFO  play - Application started (Dev)
21:53:23.328 [play-akka.actor.default-dispatcher-15] INFO  application - Get History...
21:54:22.455 [play-internal-execution-context-1] INFO  play - database [default] connected at jdbc:mysql://localhost/playframework?useUnicode=yes&characterEncoding=UTF-8&connectionCollation=utf8_general_ci
21:54:22.692 [play-internal-execution-context-1] INFO  play - Application started (Dev)
21:54:22.734 [play-akka.actor.default-dispatcher-16] INFO  application - Get History...
21:54:22.745 [play-akka.actor.default-dispatcher-16] ERROR play - Cannot invoke the action, eventually got an error: java.lang.NullPointerException
21:54:22.758 [play-akka.actor.default-dispatcher-16] ERROR application - 

! @6j7080n6a - Internal server error, for (GET) [/getCallRecords?] ->

play.api.Application$$anon$1: Execution exception[[NullPointerException: null]]
	at play.api.Application$class.handleError(Application.scala:296) ~[play_2.11-2.3.2.jar:2.3.2]
	at play.api.DefaultApplication.handleError(Application.scala:402) [play_2.11-2.3.2.jar:2.3.2]
	at play.core.server.netty.PlayDefaultUpstreamHandler$$anonfun$3$$anonfun$applyOrElse$4.apply(PlayDefaultUpstreamHandler.scala:320) [play_2.11-2.3.2.jar:2.3.2]
	at play.core.server.netty.PlayDefaultUpstreamHandler$$anonfun$3$$anonfun$applyOrElse$4.apply(PlayDefaultUpstreamHandler.scala:320) [play_2.11-2.3.2.jar:2.3.2]
	at scala.Option.map(Option.scala:145) [scala-library-2.11.1.jar:na]
	at play.core.server.netty.PlayDefaultUpstreamHandler$$anonfun$3.applyOrElse(PlayDefaultUpstreamHandler.scala:320) [play_2.11-2.3.2.jar:2.3.2]
	at play.core.server.netty.PlayDefaultUpstreamHandler$$anonfun$3.applyOrElse(PlayDefaultUpstreamHandler.scala:316) [play_2.11-2.3.2.jar:2.3.2]
	at scala.concurrent.Future$$anonfun$recoverWith$1.apply(Future.scala:344) [scala-library-2.11.1.jar:na]
	at scala.concurrent.Future$$anonfun$recoverWith$1.apply(Future.scala:343) [scala-library-2.11.1.jar:na]
	at scala.concurrent.impl.CallbackRunnable.run(Promise.scala:32) [scala-library-2.11.1.jar:na]
	at play.api.libs.iteratee.Execution$trampoline$.execute(Execution.scala:46) [play-iteratees_2.11-2.3.2.jar:2.3.2]
	at scala.concurrent.impl.CallbackRunnable.executeWithValue(Promise.scala:40) [scala-library-2.11.1.jar:na]
	at scala.concurrent.impl.Promise$DefaultPromise.tryComplete(Promise.scala:248) [scala-library-2.11.1.jar:na]
	at scala.concurrent.Promise$class.complete(Promise.scala:55) [scala-library-2.11.1.jar:na]
	at scala.concurrent.impl.Promise$DefaultPromise.complete(Promise.scala:153) [scala-library-2.11.1.jar:na]
	at scala.concurrent.impl.Future$PromiseCompletingRunnable.run(Future.scala:23) [scala-library-2.11.1.jar:na]
	at akka.dispatch.TaskInvocation.run(AbstractDispatcher.scala:41) [akka-actor_2.11-2.3.4.jar:na]
	at akka.dispatch.ForkJoinExecutorConfigurator$AkkaForkJoinTask.exec(AbstractDispatcher.scala:393) [akka-actor_2.11-2.3.4.jar:na]
	at scala.concurrent.forkjoin.ForkJoinTask.doExec(ForkJoinTask.java:260) [scala-library-2.11.1.jar:na]
	at scala.concurrent.forkjoin.ForkJoinPool$WorkQueue.runTask(ForkJoinPool.java:1339) [scala-library-2.11.1.jar:na]
	at scala.concurrent.forkjoin.ForkJoinPool.runWorker(ForkJoinPool.java:1979) [scala-library-2.11.1.jar:na]
	at scala.concurrent.forkjoin.ForkJoinWorkerThread.run(ForkJoinWorkerThread.java:107) [scala-library-2.11.1.jar:na]
Caused by: java.lang.NullPointerException: null
	at scala.collection.convert.Wrappers$JListWrapper.iterator(Wrappers.scala:88) ~[scala-library-2.11.1.jar:na]
	at scala.collection.IterableLike$class.foreach(IterableLike.scala:72) ~[scala-library-2.11.1.jar:na]
	at scala.collection.AbstractIterable.foreach(Iterable.scala:54) ~[scala-library-2.11.1.jar:na]
	at scala.collection.TraversableLike$class.map(TraversableLike.scala:245) ~[scala-library-2.11.1.jar:na]
	at scala.collection.AbstractTraversable.map(Traversable.scala:104) ~[scala-library-2.11.1.jar:na]
	at views.html.callHistory$.apply(callHistory.template.scala:58) ~[na:na]
	at views.html.callHistory$.render(callHistory.template.scala:89) ~[na:na]
	at views.html.callHistory.render(callHistory.template.scala) ~[na:na]
	at com.lendup.controllers.TwilioApplication.getCallRecords(TwilioApplication.java:201) ~[na:na]
	at Routes$$anonfun$routes$1$$anonfun$applyOrElse$8$$anonfun$apply$8.apply(routes_routing.scala:178) ~[na:na]
	at Routes$$anonfun$routes$1$$anonfun$applyOrElse$8$$anonfun$apply$8.apply(routes_routing.scala:178) ~[na:na]
	at play.core.Router$HandlerInvokerFactory$$anon$4.resultCall(Router.scala:264) ~[play_2.11-2.3.2.jar:2.3.2]
	at play.core.Router$HandlerInvokerFactory$JavaActionInvokerFactory$$anon$15$$anon$1.invocation(Router.scala:255) ~[play_2.11-2.3.2.jar:2.3.2]
	at play.core.j.JavaAction$$anon$1.call(JavaAction.scala:55) ~[play_2.11-2.3.2.jar:2.3.2]
	at play.core.j.JavaAction$$anonfun$11.apply(JavaAction.scala:82) ~[play_2.11-2.3.2.jar:2.3.2]
	at play.core.j.JavaAction$$anonfun$11.apply(JavaAction.scala:82) ~[play_2.11-2.3.2.jar:2.3.2]
	at scala.concurrent.impl.Future$PromiseCompletingRunnable.liftedTree1$1(Future.scala:24) [scala-library-2.11.1.jar:na]
	at scala.concurrent.impl.Future$PromiseCompletingRunnable.run(Future.scala:24) [scala-library-2.11.1.jar:na]
	at play.core.j.HttpExecutionContext$$anon$2.run(HttpExecutionContext.scala:40) ~[play_2.11-2.3.2.jar:2.3.2]
	at play.api.libs.iteratee.Execution$trampoline$.execute(Execution.scala:46) [play-iteratees_2.11-2.3.2.jar:2.3.2]
	at play.core.j.HttpExecutionContext.execute(HttpExecutionContext.scala:32) ~[play_2.11-2.3.2.jar:2.3.2]
	at scala.concurrent.impl.Future$.apply(Future.scala:31) ~[scala-library-2.11.1.jar:na]
	at scala.concurrent.Future$.apply(Future.scala:492) ~[scala-library-2.11.1.jar:na]
	at play.core.j.JavaAction$class.apply(JavaAction.scala:82) ~[play_2.11-2.3.2.jar:2.3.2]
	at play.core.Router$HandlerInvokerFactory$JavaActionInvokerFactory$$anon$15$$anon$1.apply(Router.scala:252) ~[play_2.11-2.3.2.jar:2.3.2]
	at play.api.mvc.Action$$anonfun$apply$1$$anonfun$apply$4$$anonfun$apply$5.apply(Action.scala:130) ~[play_2.11-2.3.2.jar:2.3.2]
	at play.api.mvc.Action$$anonfun$apply$1$$anonfun$apply$4$$anonfun$apply$5.apply(Action.scala:130) ~[play_2.11-2.3.2.jar:2.3.2]
	at play.utils.Threads$.withContextClassLoader(Threads.scala:21) ~[play_2.11-2.3.2.jar:2.3.2]
	at play.api.mvc.Action$$anonfun$apply$1$$anonfun$apply$4.apply(Action.scala:129) ~[play_2.11-2.3.2.jar:2.3.2]
	at play.api.mvc.Action$$anonfun$apply$1$$anonfun$apply$4.apply(Action.scala:128) ~[play_2.11-2.3.2.jar:2.3.2]
	at scala.Option.map(Option.scala:145) [scala-library-2.11.1.jar:na]
	at play.api.mvc.Action$$anonfun$apply$1.apply(Action.scala:128) ~[play_2.11-2.3.2.jar:2.3.2]
	at play.api.mvc.Action$$anonfun$apply$1.apply(Action.scala:121) ~[play_2.11-2.3.2.jar:2.3.2]
	at play.api.libs.iteratee.Iteratee$$anonfun$mapM$1.apply(Iteratee.scala:483) ~[play-iteratees_2.11-2.3.2.jar:2.3.2]
	at play.api.libs.iteratee.Iteratee$$anonfun$mapM$1.apply(Iteratee.scala:483) ~[play-iteratees_2.11-2.3.2.jar:2.3.2]
	at play.api.libs.iteratee.Iteratee$$anonfun$flatMapM$1.apply(Iteratee.scala:519) ~[play-iteratees_2.11-2.3.2.jar:2.3.2]
	at play.api.libs.iteratee.Iteratee$$anonfun$flatMapM$1.apply(Iteratee.scala:519) ~[play-iteratees_2.11-2.3.2.jar:2.3.2]
	at play.api.libs.iteratee.Iteratee$$anonfun$flatMap$1$$anonfun$apply$14.apply(Iteratee.scala:496) ~[play-iteratees_2.11-2.3.2.jar:2.3.2]
	at play.api.libs.iteratee.Iteratee$$anonfun$flatMap$1$$anonfun$apply$14.apply(Iteratee.scala:496) ~[play-iteratees_2.11-2.3.2.jar:2.3.2]
	at scala.concurrent.impl.Future$PromiseCompletingRunnable.liftedTree1$1(Future.scala:24) [scala-library-2.11.1.jar:na]
	at scala.concurrent.impl.Future$PromiseCompletingRunnable.run(Future.scala:24) [scala-library-2.11.1.jar:na]
	... 6 common frames omitted
21:59:49.689 [New I/O worker #8] ERROR application - 

! @6j708jcmh - Internal server error, for (GET) [/getCallRecords?] ->

play.PlayExceptions$CompilationException: Compilation error[error: cannot find symbol]
	at play.PlayExceptions$CompilationException$.apply(PlayExceptions.scala:27) ~[na:na]
	at play.PlayExceptions$CompilationException$.apply(PlayExceptions.scala:27) ~[na:na]
	at scala.Option.map(Option.scala:145) ~[scala-library-2.11.1.jar:na]
	at play.PlayReloader$$anon$1$$anonfun$play$PlayReloader$$anon$$taskFailureHandler$1.apply(PlayReloader.scala:234) ~[na:na]
	at play.PlayReloader$$anon$1$$anonfun$play$PlayReloader$$anon$$taskFailureHandler$1.apply(PlayReloader.scala:229) ~[na:na]
	at scala.Option.map(Option.scala:145) ~[scala-library-2.11.1.jar:na]
	at play.PlayReloader$$anon$1.play$PlayReloader$$anon$$taskFailureHandler(PlayReloader.scala:229) ~[na:na]
	at play.PlayReloader$$anon$1$$anonfun$reload$2.apply(PlayReloader.scala:89) ~[na:na]
	at play.PlayReloader$$anon$1$$anonfun$reload$2.apply(PlayReloader.scala:89) ~[na:na]
	at scala.util.Either$LeftProjection.map(Either.scala:377) ~[scala-library-2.11.1.jar:na]
	at play.PlayReloader$$anon$1.reload(PlayReloader.scala:89) ~[na:na]
	at play.core.ReloadableApplication$$anonfun$get$1.apply(ApplicationProvider.scala:107) ~[play_2.11-2.3.2.jar:2.3.2]
	at play.core.ReloadableApplication$$anonfun$get$1.apply(ApplicationProvider.scala:105) ~[play_2.11-2.3.2.jar:2.3.2]
	at scala.concurrent.impl.Future$PromiseCompletingRunnable.liftedTree1$1(Future.scala:24) ~[scala-library-2.11.1.jar:na]
	at scala.concurrent.impl.Future$PromiseCompletingRunnable.run(Future.scala:24) ~[scala-library-2.11.1.jar:na]
	at scala.concurrent.forkjoin.ForkJoinTask$AdaptedRunnableAction.exec(ForkJoinTask.java:1361) ~[scala-library-2.11.1.jar:na]
	at scala.concurrent.forkjoin.ForkJoinTask.doExec(ForkJoinTask.java:260) ~[scala-library-2.11.1.jar:na]
	at scala.concurrent.forkjoin.ForkJoinPool$WorkQueue.runTask(ForkJoinPool.java:1339) ~[scala-library-2.11.1.jar:na]
	at scala.concurrent.forkjoin.ForkJoinPool.runWorker(ForkJoinPool.java:1979) ~[scala-library-2.11.1.jar:na]
	at scala.concurrent.forkjoin.ForkJoinWorkerThread.run(ForkJoinWorkerThread.java:107) ~[scala-library-2.11.1.jar:na]
22:00:15.019 [play-internal-execution-context-1] INFO  play - database [default] connected at jdbc:mysql://localhost/playframework?useUnicode=yes&characterEncoding=UTF-8&connectionCollation=utf8_general_ci
22:00:15.241 [play-internal-execution-context-1] INFO  play - Application started (Dev)
22:00:15.278 [play-akka.actor.default-dispatcher-17] INFO  application - Get History...
02:29:11.400 [play-internal-execution-context-1] INFO  play - database [default] connected at jdbc:mysql://localhost/playframework?useUnicode=yes&characterEncoding=UTF-8&connectionCollation=utf8_general_ci
02:29:11.644 [play-internal-execution-context-1] INFO  play - Application started (Dev)
02:29:11.834 [play-akka.actor.default-dispatcher-18] INFO  application - Get History...
02:29:11.834 [play-akka.actor.default-dispatcher-20] INFO  application - Get History...
02:29:15.666 [play-akka.actor.default-dispatcher-18] INFO  application - Scheduling...
02:29:15.723 [play-akka.actor.default-dispatcher-18] INFO  application - Scheduled
02:29:15.819 [helloakka-akka.actor.default-dispatcher-3] INFO  application - Starting a Call..
02:29:15.820 [helloakka-akka.actor.default-dispatcher-3] INFO  application - Calling API http://e4fa2e.ngrok.com/v1/twilio/directCall/8
02:29:17.735 [helloakka-akka.actor.default-dispatcher-3] INFO  application - Calling Directly..
02:30:05.175 [play-akka.actor.default-dispatcher-21] INFO  application - Get History...
02:30:06.828 [play-akka.actor.default-dispatcher-22] INFO  application - Scheduling...
02:30:06.830 [play-akka.actor.default-dispatcher-22] INFO  application - Scheduled
02:30:06.830 [helloakka-akka.actor.default-dispatcher-5] INFO  application - Starting a Call..
02:30:06.831 [helloakka-akka.actor.default-dispatcher-5] INFO  application - Calling API http://e4fa2e.ngrok.com/v1/twilio/directCall/8
02:30:08.454 [helloakka-akka.actor.default-dispatcher-5] INFO  application - Calling Directly..
02:30:26.014 [play-akka.actor.default-dispatcher-22] INFO  application - starting direct fizz buzz call...
02:30:26.016 [play-akka.actor.default-dispatcher-22] INFO  application - FizzBuzz for this request:  1 2 Fizz 4 Buzz Fizz 7 8
02:58:31.630 [New I/O worker #2] ERROR application - 

! @6j71lp4g3 - Internal server error, for (GET) [/v1/twilio?AccountSid=AC6d990489fcda3cfafa358fcae2eecccc&ToZip=94019&FromState=CA&Called=%2B16502760084&FromCountry=US&CallerCountry=US&CalledZip=94019&Direction=inbound&FromCity=PALO+ALTO&CalledCountry=US&CallerState=CA&CallSid=CA71b09de37c3e5e97749d71b3fbe560c8&CalledState=CA&From=%2B16506448847&CallerZip=94304&FromZip=94304&CallStatus=ringing&ToCity=HALF+MOON+BAY&ToState=CA&To=%2B16502760084&ToCountry=US&CallerCity=PALO+ALTO&ApiVersion=2010-04-01&Caller=%2B16506448847&CalledCity=HALF+MOON+BAY] ->

play.PlayExceptions$CompilationException: Compilation error[error: cannot find symbol]
	at play.PlayExceptions$CompilationException$.apply(PlayExceptions.scala:27) ~[na:na]
	at play.PlayExceptions$CompilationException$.apply(PlayExceptions.scala:27) ~[na:na]
	at scala.Option.map(Option.scala:145) ~[scala-library-2.11.1.jar:na]
	at play.PlayReloader$$anon$1$$anonfun$play$PlayReloader$$anon$$taskFailureHandler$1.apply(PlayReloader.scala:234) ~[na:na]
	at play.PlayReloader$$anon$1$$anonfun$play$PlayReloader$$anon$$taskFailureHandler$1.apply(PlayReloader.scala:229) ~[na:na]
	at scala.Option.map(Option.scala:145) ~[scala-library-2.11.1.jar:na]
	at play.PlayReloader$$anon$1.play$PlayReloader$$anon$$taskFailureHandler(PlayReloader.scala:229) ~[na:na]
	at play.PlayReloader$$anon$1$$anonfun$reload$2.apply(PlayReloader.scala:89) ~[na:na]
	at play.PlayReloader$$anon$1$$anonfun$reload$2.apply(PlayReloader.scala:89) ~[na:na]
	at scala.util.Either$LeftProjection.map(Either.scala:377) ~[scala-library-2.11.1.jar:na]
	at play.PlayReloader$$anon$1.reload(PlayReloader.scala:89) ~[na:na]
	at play.core.ReloadableApplication$$anonfun$get$1.apply(ApplicationProvider.scala:107) ~[play_2.11-2.3.2.jar:2.3.2]
	at play.core.ReloadableApplication$$anonfun$get$1.apply(ApplicationProvider.scala:105) ~[play_2.11-2.3.2.jar:2.3.2]
	at scala.concurrent.impl.Future$PromiseCompletingRunnable.liftedTree1$1(Future.scala:24) ~[scala-library-2.11.1.jar:na]
	at scala.concurrent.impl.Future$PromiseCompletingRunnable.run(Future.scala:24) ~[scala-library-2.11.1.jar:na]
	at scala.concurrent.forkjoin.ForkJoinTask$AdaptedRunnableAction.exec(ForkJoinTask.java:1361) ~[scala-library-2.11.1.jar:na]
	at scala.concurrent.forkjoin.ForkJoinTask.doExec(ForkJoinTask.java:260) ~[scala-library-2.11.1.jar:na]
	at scala.concurrent.forkjoin.ForkJoinPool$WorkQueue.runTask(ForkJoinPool.java:1339) ~[scala-library-2.11.1.jar:na]
	at scala.concurrent.forkjoin.ForkJoinPool.runWorker(ForkJoinPool.java:1979) ~[scala-library-2.11.1.jar:na]
	at scala.concurrent.forkjoin.ForkJoinWorkerThread.run(ForkJoinWorkerThread.java:107) ~[scala-library-2.11.1.jar:na]
02:58:37.053 [New I/O worker #3] ERROR application - 

! @6j71lpcgh - Internal server error, for (GET) [/v1/twilio?AccountSid=AC6d990489fcda3cfafa358fcae2eecccc&ToZip=94019&FromState=CA&Called=%2B16502760084&FromCountry=US&CallerCountry=US&CalledZip=94019&Direction=inbound&FromCity=PALO+ALTO&CalledCountry=US&Duration=1&CallerState=CA&CallSid=CA71b09de37c3e5e97749d71b3fbe560c8&CalledState=CA&From=%2B16506448847&CallerZip=94304&FromZip=94304&CallStatus=completed&ToCity=HALF+MOON+BAY&ToState=CA&To=%2B16502760084&CallDuration=6&ToCountry=US&CallerCity=PALO+ALTO&ApiVersion=2010-04-01&Caller=%2B16506448847&CalledCity=HALF+MOON+BAY] ->

play.PlayExceptions$CompilationException: Compilation error[error: cannot find symbol]
	at play.PlayExceptions$CompilationException$.apply(PlayExceptions.scala:27) ~[na:na]
	at play.PlayExceptions$CompilationException$.apply(PlayExceptions.scala:27) ~[na:na]
	at scala.Option.map(Option.scala:145) ~[scala-library-2.11.1.jar:na]
	at play.PlayReloader$$anon$1$$anonfun$play$PlayReloader$$anon$$taskFailureHandler$1.apply(PlayReloader.scala:234) ~[na:na]
	at play.PlayReloader$$anon$1$$anonfun$play$PlayReloader$$anon$$taskFailureHandler$1.apply(PlayReloader.scala:229) ~[na:na]
	at scala.Option.map(Option.scala:145) ~[scala-library-2.11.1.jar:na]
	at play.PlayReloader$$anon$1.play$PlayReloader$$anon$$taskFailureHandler(PlayReloader.scala:229) ~[na:na]
	at play.PlayReloader$$anon$1$$anonfun$reload$2.apply(PlayReloader.scala:89) ~[na:na]
	at play.PlayReloader$$anon$1$$anonfun$reload$2.apply(PlayReloader.scala:89) ~[na:na]
	at scala.util.Either$LeftProjection.map(Either.scala:377) ~[scala-library-2.11.1.jar:na]
	at play.PlayReloader$$anon$1.reload(PlayReloader.scala:89) ~[na:na]
	at play.core.ReloadableApplication$$anonfun$get$1.apply(ApplicationProvider.scala:107) ~[play_2.11-2.3.2.jar:2.3.2]
	at play.core.ReloadableApplication$$anonfun$get$1.apply(ApplicationProvider.scala:105) ~[play_2.11-2.3.2.jar:2.3.2]
	at scala.concurrent.impl.Future$PromiseCompletingRunnable.liftedTree1$1(Future.scala:24) ~[scala-library-2.11.1.jar:na]
	at scala.concurrent.impl.Future$PromiseCompletingRunnable.run(Future.scala:24) ~[scala-library-2.11.1.jar:na]
	at scala.concurrent.forkjoin.ForkJoinTask$AdaptedRunnableAction.exec(ForkJoinTask.java:1361) ~[scala-library-2.11.1.jar:na]
	at scala.concurrent.forkjoin.ForkJoinTask.doExec(ForkJoinTask.java:260) ~[scala-library-2.11.1.jar:na]
	at scala.concurrent.forkjoin.ForkJoinPool$WorkQueue.runTask(ForkJoinPool.java:1339) ~[scala-library-2.11.1.jar:na]
	at scala.concurrent.forkjoin.ForkJoinPool.runWorker(ForkJoinPool.java:1979) ~[scala-library-2.11.1.jar:na]
	at scala.concurrent.forkjoin.ForkJoinWorkerThread.run(ForkJoinWorkerThread.java:107) ~[scala-library-2.11.1.jar:na]
02:59:56.657 [New I/O worker #4] ERROR application - 

! @6j71m40a9 - Internal server error, for (GET) [/?] ->

play.PlayExceptions$CompilationException: Compilation error[error: cannot find symbol]
	at play.PlayExceptions$CompilationException$.apply(PlayExceptions.scala:27) ~[na:na]
	at play.PlayExceptions$CompilationException$.apply(PlayExceptions.scala:27) ~[na:na]
	at scala.Option.map(Option.scala:145) ~[scala-library-2.11.1.jar:na]
	at play.PlayReloader$$anon$1$$anonfun$play$PlayReloader$$anon$$taskFailureHandler$1.apply(PlayReloader.scala:234) ~[na:na]
	at play.PlayReloader$$anon$1$$anonfun$play$PlayReloader$$anon$$taskFailureHandler$1.apply(PlayReloader.scala:229) ~[na:na]
	at scala.Option.map(Option.scala:145) ~[scala-library-2.11.1.jar:na]
	at play.PlayReloader$$anon$1.play$PlayReloader$$anon$$taskFailureHandler(PlayReloader.scala:229) ~[na:na]
	at play.PlayReloader$$anon$1$$anonfun$reload$2.apply(PlayReloader.scala:89) ~[na:na]
	at play.PlayReloader$$anon$1$$anonfun$reload$2.apply(PlayReloader.scala:89) ~[na:na]
	at scala.util.Either$LeftProjection.map(Either.scala:377) ~[scala-library-2.11.1.jar:na]
	at play.PlayReloader$$anon$1.reload(PlayReloader.scala:89) ~[na:na]
	at play.core.ReloadableApplication$$anonfun$get$1.apply(ApplicationProvider.scala:107) ~[play_2.11-2.3.2.jar:2.3.2]
	at play.core.ReloadableApplication$$anonfun$get$1.apply(ApplicationProvider.scala:105) ~[play_2.11-2.3.2.jar:2.3.2]
	at scala.concurrent.impl.Future$PromiseCompletingRunnable.liftedTree1$1(Future.scala:24) ~[scala-library-2.11.1.jar:na]
	at scala.concurrent.impl.Future$PromiseCompletingRunnable.run(Future.scala:24) ~[scala-library-2.11.1.jar:na]
	at scala.concurrent.forkjoin.ForkJoinTask$AdaptedRunnableAction.exec(ForkJoinTask.java:1361) ~[scala-library-2.11.1.jar:na]
	at scala.concurrent.forkjoin.ForkJoinTask.doExec(ForkJoinTask.java:260) ~[scala-library-2.11.1.jar:na]
	at scala.concurrent.forkjoin.ForkJoinPool$WorkQueue.runTask(ForkJoinPool.java:1339) ~[scala-library-2.11.1.jar:na]
	at scala.concurrent.forkjoin.ForkJoinPool.runWorker(ForkJoinPool.java:1979) ~[scala-library-2.11.1.jar:na]
	at scala.concurrent.forkjoin.ForkJoinWorkerThread.run(ForkJoinWorkerThread.java:107) ~[scala-library-2.11.1.jar:na]
03:05:38.543 [New I/O worker #5] ERROR application - 

! @6j71mnc3n - Internal server error, for (GET) [/?] ->

play.PlayExceptions$CompilationException: Compilation error[error: cannot find symbol]
	at play.PlayExceptions$CompilationException$.apply(PlayExceptions.scala:27) ~[na:na]
	at play.PlayExceptions$CompilationException$.apply(PlayExceptions.scala:27) ~[na:na]
	at scala.Option.map(Option.scala:145) ~[scala-library-2.11.1.jar:na]
	at play.PlayReloader$$anon$1$$anonfun$play$PlayReloader$$anon$$taskFailureHandler$1.apply(PlayReloader.scala:234) ~[na:na]
	at play.PlayReloader$$anon$1$$anonfun$play$PlayReloader$$anon$$taskFailureHandler$1.apply(PlayReloader.scala:229) ~[na:na]
	at scala.Option.map(Option.scala:145) ~[scala-library-2.11.1.jar:na]
	at play.PlayReloader$$anon$1.play$PlayReloader$$anon$$taskFailureHandler(PlayReloader.scala:229) ~[na:na]
	at play.PlayReloader$$anon$1$$anonfun$reload$2.apply(PlayReloader.scala:89) ~[na:na]
	at play.PlayReloader$$anon$1$$anonfun$reload$2.apply(PlayReloader.scala:89) ~[na:na]
	at scala.util.Either$LeftProjection.map(Either.scala:377) ~[scala-library-2.11.1.jar:na]
	at play.PlayReloader$$anon$1.reload(PlayReloader.scala:89) ~[na:na]
	at play.core.ReloadableApplication$$anonfun$get$1.apply(ApplicationProvider.scala:107) ~[play_2.11-2.3.2.jar:2.3.2]
	at play.core.ReloadableApplication$$anonfun$get$1.apply(ApplicationProvider.scala:105) ~[play_2.11-2.3.2.jar:2.3.2]
	at scala.concurrent.impl.Future$PromiseCompletingRunnable.liftedTree1$1(Future.scala:24) ~[scala-library-2.11.1.jar:na]
	at scala.concurrent.impl.Future$PromiseCompletingRunnable.run(Future.scala:24) ~[scala-library-2.11.1.jar:na]
	at scala.concurrent.forkjoin.ForkJoinTask$AdaptedRunnableAction.exec(ForkJoinTask.java:1361) ~[scala-library-2.11.1.jar:na]
	at scala.concurrent.forkjoin.ForkJoinTask.doExec(ForkJoinTask.java:260) ~[scala-library-2.11.1.jar:na]
	at scala.concurrent.forkjoin.ForkJoinPool$WorkQueue.runTask(ForkJoinPool.java:1339) ~[scala-library-2.11.1.jar:na]
	at scala.concurrent.forkjoin.ForkJoinPool.runWorker(ForkJoinPool.java:1979) ~[scala-library-2.11.1.jar:na]
	at scala.concurrent.forkjoin.ForkJoinWorkerThread.run(ForkJoinWorkerThread.java:107) ~[scala-library-2.11.1.jar:na]
03:06:16.067 [New I/O worker #6] ERROR application - 

! @6j71mpfgn - Internal server error, for (GET) [/?] ->

play.PlayExceptions$UnexpectedException: Unexpected exception[IllegalArgumentException: requirement failed: Source file 'C:\play\play-java\target\scala-2.11\classes.bak\sbt227661359703042341.class' does not exist.]
	at play.PlayReloader$$anon$1$$anonfun$play$PlayReloader$$anon$$taskFailureHandler$1.apply(PlayReloader.scala:236) ~[na:na]
	at play.PlayReloader$$anon$1$$anonfun$play$PlayReloader$$anon$$taskFailureHandler$1.apply(PlayReloader.scala:229) ~[na:na]
	at scala.Option.map(Option.scala:145) ~[scala-library-2.11.1.jar:na]
	at play.PlayReloader$$anon$1.play$PlayReloader$$anon$$taskFailureHandler(PlayReloader.scala:229) ~[na:na]
	at play.PlayReloader$$anon$1$$anonfun$reload$2.apply(PlayReloader.scala:89) ~[na:na]
	at play.PlayReloader$$anon$1$$anonfun$reload$2.apply(PlayReloader.scala:89) ~[na:na]
	at scala.util.Either$LeftProjection.map(Either.scala:377) ~[scala-library-2.11.1.jar:na]
	at play.PlayReloader$$anon$1.reload(PlayReloader.scala:89) ~[na:na]
	at play.core.ReloadableApplication$$anonfun$get$1.apply(ApplicationProvider.scala:107) ~[play_2.11-2.3.2.jar:2.3.2]
	at play.core.ReloadableApplication$$anonfun$get$1.apply(ApplicationProvider.scala:105) ~[play_2.11-2.3.2.jar:2.3.2]
	at scala.concurrent.impl.Future$PromiseCompletingRunnable.liftedTree1$1(Future.scala:24) ~[scala-library-2.11.1.jar:na]
	at scala.concurrent.impl.Future$PromiseCompletingRunnable.run(Future.scala:24) ~[scala-library-2.11.1.jar:na]
	at scala.concurrent.forkjoin.ForkJoinTask$AdaptedRunnableAction.exec(ForkJoinTask.java:1361) ~[scala-library-2.11.1.jar:na]
	at scala.concurrent.forkjoin.ForkJoinTask.doExec(ForkJoinTask.java:260) ~[scala-library-2.11.1.jar:na]
	at scala.concurrent.forkjoin.ForkJoinPool$WorkQueue.runTask(ForkJoinPool.java:1339) ~[scala-library-2.11.1.jar:na]
	at scala.concurrent.forkjoin.ForkJoinPool.runWorker(ForkJoinPool.java:1979) ~[scala-library-2.11.1.jar:na]
	at scala.concurrent.forkjoin.ForkJoinWorkerThread.run(ForkJoinWorkerThread.java:107) ~[scala-library-2.11.1.jar:na]
Caused by: java.lang.IllegalArgumentException: requirement failed: Source file 'C:\play\play-java\target\scala-2.11\classes.bak\sbt227661359703042341.class' does not exist.
	at scala.Predef$.require(Predef.scala:233) ~[scala-library-2.11.1.jar:na]
	at sbt.IO$.copyFile(IO.scala:580) ~[na:na]
	at sbt.IO$.move(IO.scala:764) ~[na:na]
	at sbt.inc.ClassfileManager$$anonfun$transactional$1$$anon$2$$anonfun$complete$5.apply(ClassfileManager.scala:68) ~[na:na]
	at sbt.inc.ClassfileManager$$anonfun$transactional$1$$anon$2$$anonfun$complete$5.apply(ClassfileManager.scala:68) ~[na:na]
	at scala.collection.TraversableLike$WithFilter$$anonfun$foreach$1.apply(TraversableLike.scala:772) ~[scala-library-2.11.1.jar:na]
	at scala.collection.mutable.HashMap$$anonfun$foreach$1.apply(HashMap.scala:98) ~[scala-library-2.11.1.jar:na]
	at scala.collection.mutable.HashMap$$anonfun$foreach$1.apply(HashMap.scala:98) ~[scala-library-2.11.1.jar:na]
	at scala.collection.mutable.HashTable$class.foreachEntry(HashTable.scala:226) ~[scala-library-2.11.1.jar:na]
	at scala.collection.mutable.HashMap.foreachEntry(HashMap.scala:39) ~[scala-library-2.11.1.jar:na]
	at scala.collection.mutable.HashMap.foreach(HashMap.scala:98) ~[scala-library-2.11.1.jar:na]
	at scala.collection.TraversableLike$WithFilter.foreach(TraversableLike.scala:771) ~[scala-library-2.11.1.jar:na]
	at sbt.inc.ClassfileManager$$anonfun$transactional$1$$anon$2.complete(ClassfileManager.scala:68) ~[na:na]
	at sbt.inc.Incremental$.manageClassfiles(Incremental.scala:66) ~[na:na]
	at sbt.inc.Incremental$.compile(Incremental.scala:37) ~[na:na]
	at sbt.inc.IncrementalCompile$.apply(Compile.scala:27) ~[na:na]
	at sbt.compiler.AggressiveCompile.compile2(AggressiveCompile.scala:157) ~[na:na]
	at sbt.compiler.AggressiveCompile.compile1(AggressiveCompile.scala:71) ~[na:na]
	at sbt.compiler.AggressiveCompile.apply(AggressiveCompile.scala:46) ~[na:na]
	at sbt.Compiler$.apply(Compiler.scala:75) ~[na:na]
	at sbt.Compiler$.apply(Compiler.scala:66) ~[na:na]
	at sbt.Defaults$.sbt$Defaults$$compileTaskImpl(Defaults.scala:770) ~[na:na]
	at sbt.Defaults$$anonfun$compileTask$1.apply(Defaults.scala:762) ~[na:na]
	at sbt.Defaults$$anonfun$compileTask$1.apply(Defaults.scala:762) ~[na:na]
	at scala.Function1$$anonfun$compose$1.apply(Function1.scala:47) ~[scala-library-2.11.1.jar:na]
	at sbt.$tilde$greater$$anonfun$$u2219$1.apply(TypeFunctions.scala:42) ~[na:na]
	at sbt.std.Transform$$anon$4.work(System.scala:64) ~[na:na]
	at sbt.Execute$$anonfun$submit$1$$anonfun$apply$1.apply(Execute.scala:237) ~[na:na]
	at sbt.Execute$$anonfun$submit$1$$anonfun$apply$1.apply(Execute.scala:237) ~[na:na]
	at sbt.ErrorHandling$.wideConvert(ErrorHandling.scala:18) ~[na:na]
	at sbt.Execute.work(Execute.scala:244) ~[na:na]
	at sbt.Execute$$anonfun$submit$1.apply(Execute.scala:237) ~[na:na]
	at sbt.Execute$$anonfun$submit$1.apply(Execute.scala:237) ~[na:na]
	at sbt.ConcurrentRestrictions$$anon$4$$anonfun$1.apply(ConcurrentRestrictions.scala:160) ~[na:na]
	at sbt.CompletionService$$anon$2.call(CompletionService.scala:30) ~[na:na]
	at java.util.concurrent.FutureTask.run(Unknown Source) ~[na:1.7.0_51]
	at java.util.concurrent.Executors$RunnableAdapter.call(Unknown Source) ~[na:1.7.0_51]
	at java.util.concurrent.FutureTask.run(Unknown Source) ~[na:1.7.0_51]
	at java.util.concurrent.ThreadPoolExecutor.runWorker(Unknown Source) [na:1.7.0_51]
	at java.util.concurrent.ThreadPoolExecutor$Worker.run(Unknown Source) [na:1.7.0_51]
	at java.lang.Thread.run(Unknown Source) [na:1.7.0_51]
03:06:40.321 [New I/O worker #7] ERROR application - 

! @6j71n0pdl - Internal server error, for (GET) [/?] ->

play.PlayExceptions$CompilationException: Compilation error[error: cannot find symbol]
	at play.PlayExceptions$CompilationException$.apply(PlayExceptions.scala:27) ~[na:na]
	at play.PlayExceptions$CompilationException$.apply(PlayExceptions.scala:27) ~[na:na]
	at scala.Option.map(Option.scala:145) ~[scala-library-2.11.1.jar:na]
	at play.PlayReloader$$anon$1$$anonfun$play$PlayReloader$$anon$$taskFailureHandler$1.apply(PlayReloader.scala:234) ~[na:na]
	at play.PlayReloader$$anon$1$$anonfun$play$PlayReloader$$anon$$taskFailureHandler$1.apply(PlayReloader.scala:229) ~[na:na]
	at scala.Option.map(Option.scala:145) ~[scala-library-2.11.1.jar:na]
	at play.PlayReloader$$anon$1.play$PlayReloader$$anon$$taskFailureHandler(PlayReloader.scala:229) ~[na:na]
	at play.PlayReloader$$anon$1$$anonfun$reload$2.apply(PlayReloader.scala:89) ~[na:na]
	at play.PlayReloader$$anon$1$$anonfun$reload$2.apply(PlayReloader.scala:89) ~[na:na]
	at scala.util.Either$LeftProjection.map(Either.scala:377) ~[scala-library-2.11.1.jar:na]
	at play.PlayReloader$$anon$1.reload(PlayReloader.scala:89) ~[na:na]
	at play.core.ReloadableApplication$$anonfun$get$1.apply(ApplicationProvider.scala:107) ~[play_2.11-2.3.2.jar:2.3.2]
	at play.core.ReloadableApplication$$anonfun$get$1.apply(ApplicationProvider.scala:105) ~[play_2.11-2.3.2.jar:2.3.2]
	at scala.concurrent.impl.Future$PromiseCompletingRunnable.liftedTree1$1(Future.scala:24) ~[scala-library-2.11.1.jar:na]
	at scala.concurrent.impl.Future$PromiseCompletingRunnable.run(Future.scala:24) ~[scala-library-2.11.1.jar:na]
	at scala.concurrent.forkjoin.ForkJoinTask$AdaptedRunnableAction.exec(ForkJoinTask.java:1361) ~[scala-library-2.11.1.jar:na]
	at scala.concurrent.forkjoin.ForkJoinTask.doExec(ForkJoinTask.java:260) ~[scala-library-2.11.1.jar:na]
	at scala.concurrent.forkjoin.ForkJoinPool$WorkQueue.runTask(ForkJoinPool.java:1339) ~[scala-library-2.11.1.jar:na]
	at scala.concurrent.forkjoin.ForkJoinPool.runWorker(ForkJoinPool.java:1979) ~[scala-library-2.11.1.jar:na]
	at scala.concurrent.forkjoin.ForkJoinWorkerThread.run(ForkJoinWorkerThread.java:107) ~[scala-library-2.11.1.jar:na]
03:07:40.686 [play-internal-execution-context-1] INFO  play - database [default] connected at jdbc:mysql://localhost/playframework?useUnicode=yes&characterEncoding=UTF-8&connectionCollation=utf8_general_ci
03:07:43.275 [play-internal-execution-context-1] INFO  play - Application started (Dev)
03:07:44.892 [play-internal-execution-context-1] INFO  play - database [default] connected at jdbc:mysql://localhost/playframework?useUnicode=yes&characterEncoding=UTF-8&connectionCollation=utf8_general_ci
03:07:45.110 [play-internal-execution-context-1] INFO  play - Application started (Dev)
03:08:22.753 [play-akka.actor.default-dispatcher-23] INFO  application - Call To: 6506448847
03:08:22.757 [play-akka.actor.default-dispatcher-23] INFO  application - Call From: 6506448847
03:08:22.758 [play-akka.actor.default-dispatcher-23] INFO  application - Days: null
03:08:22.759 [play-akka.actor.default-dispatcher-23] INFO  application - Minutes: null
03:08:22.760 [play-akka.actor.default-dispatcher-23] INFO  application - Hours: null
03:08:22.761 [play-akka.actor.default-dispatcher-23] INFO  application - Seconds: 1
03:08:22.768 [play-akka.actor.default-dispatcher-23] INFO  application - Scheduling...
03:08:22.817 [play-akka.actor.default-dispatcher-23] INFO  application - Scheduled
03:08:23.826 [helloakka-akka.actor.default-dispatcher-5] INFO  application - Starting a Call..
03:08:23.828 [helloakka-akka.actor.default-dispatcher-5] INFO  application - Calling API http://e4fa2e.ngrok.com/v1/twilio/delay/0/0/0/1
03:08:25.607 [helloakka-akka.actor.default-dispatcher-5] INFO  application - Calling...
03:08:54.921 [play-akka.actor.default-dispatcher-24] INFO  application - FizzBuzz for this request:  1 2 Fizz 4 Buzz Fizz 7 8 Fizz
03:12:30.935 [play-internal-execution-context-1] INFO  play - database [default] connected at jdbc:mysql://localhost/playframework?useUnicode=yes&characterEncoding=UTF-8&connectionCollation=utf8_general_ci
03:12:31.169 [play-internal-execution-context-1] INFO  play - Application started (Dev)
03:12:33.817 [play-akka.actor.default-dispatcher-26] INFO  application - Get History...
03:12:55.093 [play-akka.actor.default-dispatcher-26] INFO  application - FizzBuzz for this request:  1 2 Fizz 4 Buzz Fizz 7 8 Fizz
03:16:39.573 [play-internal-execution-context-1] INFO  play - database [default] connected at jdbc:mysql://localhost/playframework?useUnicode=yes&characterEncoding=UTF-8&connectionCollation=utf8_general_ci
03:16:39.803 [play-internal-execution-context-1] INFO  play - Application started (Dev)
03:16:49.009 [play-akka.actor.default-dispatcher-27] INFO  application - FizzBuzz for this request:  1 2 Fizz 4 Buzz Fizz 7 8 Fizz
03:18:08.873 [play-internal-execution-context-1] INFO  play - database [default] connected at jdbc:mysql://localhost/playframework?useUnicode=yes&characterEncoding=UTF-8&connectionCollation=utf8_general_ci
03:18:09.100 [play-internal-execution-context-1] INFO  play - Application started (Dev)
03:18:42.377 [play-internal-execution-context-1] INFO  play - database [default] connected at jdbc:mysql://localhost/playframework?useUnicode=yes&characterEncoding=UTF-8&connectionCollation=utf8_general_ci
03:18:42.528 [play-internal-execution-context-1] INFO  play - Application started (Dev)
03:18:44.818 [play-akka.actor.default-dispatcher-29] INFO  application - Get History...
03:18:58.520 [play-akka.actor.default-dispatcher-28] INFO  application - Get History...
03:19:34.688 [play-akka.actor.default-dispatcher-30] INFO  application - FizzBuzz for this request:  1 2 Fizz 4 Buzz Fizz 7 8 Fizz Buzz 11
03:19:37.215 [play-akka.actor.default-dispatcher-29] INFO  application - Get History...
03:24:42.977 [play-internal-execution-context-1] INFO  play - database [default] connected at jdbc:mysql://localhost/playframework?useUnicode=yes&characterEncoding=UTF-8&connectionCollation=utf8_general_ci
03:24:43.208 [play-internal-execution-context-1] INFO  play - Application started (Dev)
03:24:43.256 [play-akka.actor.default-dispatcher-29] INFO  application - Scheduling...
03:24:43.306 [play-akka.actor.default-dispatcher-29] INFO  application - Scheduled
03:24:43.347 [helloakka-akka.actor.default-dispatcher-4] INFO  application - Starting a Call..
03:24:43.350 [helloakka-akka.actor.default-dispatcher-4] INFO  application - Calling API http://e4fa2e.ngrok.com/v1/twilio/directCall/9
03:24:44.911 [helloakka-akka.actor.default-dispatcher-4] INFO  application - Calling Directly..
03:26:30.210 [play-internal-execution-context-1] INFO  play - database [default] connected at jdbc:mysql://localhost/playframework?useUnicode=yes&characterEncoding=UTF-8&connectionCollation=utf8_general_ci
03:26:30.456 [play-internal-execution-context-1] INFO  play - Application started (Dev)
03:26:31.307 [play-akka.actor.default-dispatcher-32] INFO  application - Get History...
03:26:33.077 [play-akka.actor.default-dispatcher-29] INFO  application - Scheduling...
03:26:33.123 [play-akka.actor.default-dispatcher-29] INFO  application - Scheduled
03:26:33.164 [helloakka-akka.actor.default-dispatcher-3] INFO  application - Starting a Call..
03:26:33.165 [helloakka-akka.actor.default-dispatcher-3] INFO  application - Calling API http://e4fa2e.ngrok.com/v1/twilio/directCall/9
03:26:34.730 [helloakka-akka.actor.default-dispatcher-3] INFO  application - Calling Directly..
03:30:12.419 [play-internal-execution-context-1] INFO  play - database [default] connected at jdbc:mysql://localhost/playframework?useUnicode=yes&characterEncoding=UTF-8&connectionCollation=utf8_general_ci
03:30:15.396 [play-internal-execution-context-1] INFO  play - Application started (Dev)
03:30:21.088 [play-akka.actor.default-dispatcher-2] INFO  application - Get History...
03:30:27.447 [play-akka.actor.default-dispatcher-3] INFO  application - Scheduling...
03:30:27.603 [play-akka.actor.default-dispatcher-3] INFO  application - Scheduled
03:30:28.843 [helloakka-akka.actor.default-dispatcher-3] INFO  application - Starting a Call..
03:30:48.195 [helloakka-akka.actor.default-dispatcher-3] INFO  application - Calling API http://e4fa2e.ngrok.com/v1/twilio/directCall/9
03:31:22.043 [helloakka-akka.actor.default-dispatcher-3] INFO  application - Calling Directly..
03:32:48.084 [play-internal-execution-context-1] INFO  play - database [default] connected at jdbc:mysql://localhost/playframework?useUnicode=yes&characterEncoding=UTF-8&connectionCollation=utf8_general_ci
03:32:48.319 [play-internal-execution-context-1] INFO  play - Application started (Dev)
03:32:50.351 [play-akka.actor.default-dispatcher-5] INFO  application - Get History...
03:32:53.094 [play-akka.actor.default-dispatcher-5] INFO  application - Scheduling...
03:32:53.155 [play-akka.actor.default-dispatcher-5] INFO  application - Scheduled
03:32:53.223 [helloakka-akka.actor.default-dispatcher-2] INFO  application - Starting a Call..
03:32:58.690 [helloakka-akka.actor.default-dispatcher-2] INFO  application - Calling API http://e4fa2e.ngrok.com/v1/twilio/directCall/9
03:33:00.289 [helloakka-akka.actor.default-dispatcher-2] INFO  application - Calling Directly..
03:35:24.758 [play-akka.actor.default-dispatcher-4] INFO  application - Get History...
03:35:31.682 [play-akka.actor.default-dispatcher-4] INFO  application - Scheduling...
03:35:31.683 [play-akka.actor.default-dispatcher-4] INFO  application - Scheduled
03:35:31.685 [helloakka-akka.actor.default-dispatcher-4] INFO  application - Starting a Call..
03:35:40.770 [helloakka-akka.actor.default-dispatcher-4] INFO  application - Calling API http://e4fa2e.ngrok.com/v1/twilio/directCall/9
03:35:42.596 [helloakka-akka.actor.default-dispatcher-4] INFO  application - Calling Directly..
03:36:09.056 [play-akka.actor.default-dispatcher-6] DEBUG application - Get Direct Fizz Buzz  
03:36:09.058 [play-akka.actor.default-dispatcher-6] INFO  application - starting direct fizz buzz call...
03:36:09.063 [play-akka.actor.default-dispatcher-6] INFO  application - FizzBuzz for this request:  1 2 Fizz 4 Buzz Fizz 7 8 Fizz
03:39:03.096 [play-akka.actor.default-dispatcher-7] INFO  application - Preparing Greeting message and url.
03:40:05.028 [play-akka.actor.default-dispatcher-8] INFO  application - Preparing Greeting message and url.
03:40:45.481 [play-akka.actor.default-dispatcher-9] INFO  application - Preparing Greeting message and url.
03:40:58.141 [play-akka.actor.default-dispatcher-10] INFO  application - FizzBuzz for this request:  1 2 Fizz 4 Buzz Fizz 7 8 Fizz
03:41:06.261 [play-akka.actor.default-dispatcher-9] INFO  application - Preparing Greeting message and url.
03:47:21.534 [New I/O worker #1] ERROR application - 

! @6j7229mgl - Internal server error, for (GET) [/?] ->

play.PlayExceptions$CompilationException: Compilation error[error: cannot find symbol]
	at play.PlayExceptions$CompilationException$.apply(PlayExceptions.scala:27) ~[na:na]
	at play.PlayExceptions$CompilationException$.apply(PlayExceptions.scala:27) ~[na:na]
	at scala.Option.map(Option.scala:145) ~[scala-library-2.11.1.jar:na]
	at play.PlayReloader$$anon$1$$anonfun$play$PlayReloader$$anon$$taskFailureHandler$1.apply(PlayReloader.scala:234) ~[na:na]
	at play.PlayReloader$$anon$1$$anonfun$play$PlayReloader$$anon$$taskFailureHandler$1.apply(PlayReloader.scala:229) ~[na:na]
	at scala.Option.map(Option.scala:145) ~[scala-library-2.11.1.jar:na]
	at play.PlayReloader$$anon$1.play$PlayReloader$$anon$$taskFailureHandler(PlayReloader.scala:229) ~[na:na]
	at play.PlayReloader$$anon$1$$anonfun$reload$2.apply(PlayReloader.scala:89) ~[na:na]
	at play.PlayReloader$$anon$1$$anonfun$reload$2.apply(PlayReloader.scala:89) ~[na:na]
	at scala.util.Either$LeftProjection.map(Either.scala:377) ~[scala-library-2.11.1.jar:na]
	at play.PlayReloader$$anon$1.reload(PlayReloader.scala:89) ~[na:na]
	at play.core.ReloadableApplication$$anonfun$get$1.apply(ApplicationProvider.scala:107) ~[play_2.11-2.3.2.jar:2.3.2]
	at play.core.ReloadableApplication$$anonfun$get$1.apply(ApplicationProvider.scala:105) ~[play_2.11-2.3.2.jar:2.3.2]
	at scala.concurrent.impl.Future$PromiseCompletingRunnable.liftedTree1$1(Future.scala:24) ~[scala-library-2.11.1.jar:na]
	at scala.concurrent.impl.Future$PromiseCompletingRunnable.run(Future.scala:24) ~[scala-library-2.11.1.jar:na]
	at scala.concurrent.forkjoin.ForkJoinTask$AdaptedRunnableAction.exec(ForkJoinTask.java:1361) ~[scala-library-2.11.1.jar:na]
	at scala.concurrent.forkjoin.ForkJoinTask.doExec(ForkJoinTask.java:260) ~[scala-library-2.11.1.jar:na]
	at scala.concurrent.forkjoin.ForkJoinPool$WorkQueue.runTask(ForkJoinPool.java:1339) ~[scala-library-2.11.1.jar:na]
	at scala.concurrent.forkjoin.ForkJoinPool.runWorker(ForkJoinPool.java:1979) ~[scala-library-2.11.1.jar:na]
	at scala.concurrent.forkjoin.ForkJoinWorkerThread.run(ForkJoinWorkerThread.java:107) ~[scala-library-2.11.1.jar:na]
03:47:58.163 [play-internal-execution-context-1] INFO  play - database [default] connected at jdbc:mysql://localhost/playframework?useUnicode=yes&characterEncoding=UTF-8&connectionCollation=utf8_general_ci
03:48:00.933 [play-internal-execution-context-1] INFO  play - Application started (Dev)
03:48:02.941 [play-internal-execution-context-1] INFO  play - database [default] connected at jdbc:mysql://localhost/playframework?useUnicode=yes&characterEncoding=UTF-8&connectionCollation=utf8_general_ci
03:48:03.197 [play-internal-execution-context-1] INFO  play - Application started (Dev)
03:48:32.866 [play-akka.actor.default-dispatcher-11] INFO  application - Preparing Greeting message and url.
03:48:40.961 [play-akka.actor.default-dispatcher-12] INFO  application - FizzBuzz for this request:  1 2
03:48:42.490 [play-akka.actor.default-dispatcher-11] INFO  application - Preparing Greeting message and url.
03:59:49.672 [play-internal-execution-context-1] INFO  play - database [default] connected at jdbc:mysql://localhost/playframework?useUnicode=yes&characterEncoding=UTF-8&connectionCollation=utf8_general_ci
03:59:49.914 [play-internal-execution-context-1] INFO  play - Application started (Dev)
03:59:50.539 [play-akka.actor.default-dispatcher-12] INFO  application - Call To: 6506448847
03:59:50.543 [play-akka.actor.default-dispatcher-12] INFO  application - Call From: 6506448847
03:59:50.544 [play-akka.actor.default-dispatcher-12] INFO  application - Days: null
03:59:50.546 [play-akka.actor.default-dispatcher-12] INFO  application - Minutes: null
03:59:50.547 [play-akka.actor.default-dispatcher-12] INFO  application - Hours: null
03:59:50.549 [play-akka.actor.default-dispatcher-12] INFO  application - Seconds: null
03:59:50.557 [play-akka.actor.default-dispatcher-12] INFO  application - Scheduling...
03:59:50.602 [play-akka.actor.default-dispatcher-12] INFO  application - Scheduled
03:59:50.602 [helloakka-akka.actor.default-dispatcher-4] INFO  application - Starting a Call..
03:59:50.605 [helloakka-akka.actor.default-dispatcher-4] INFO  application - Calling API http://e4fa2e.ngrok.com/v1/twilio/delay/0/0/0/0
03:59:51.969 [helloakka-akka.actor.default-dispatcher-4] INFO  application - Calling...
04:00:10.604 [play-akka.actor.default-dispatcher-12] INFO  application - Preparing Greeting message and url.
04:00:21.662 [play-akka.actor.default-dispatcher-14] INFO  application - FizzBuzz for this request:  1 2 Fizz 4 Buzz Fizz 7 8
04:03:57.294 [New I/O worker #10] ERROR application - 

! @6j724edl3 - Internal server error, for (GET) [/getCallRecords?] ->

play.PlayExceptions$CompilationException: Compilation error[error: method getFizzBuzz in class CallerService cannot be applied to given types;]
	at play.PlayExceptions$CompilationException$.apply(PlayExceptions.scala:27) ~[na:na]
	at play.PlayExceptions$CompilationException$.apply(PlayExceptions.scala:27) ~[na:na]
	at scala.Option.map(Option.scala:145) ~[scala-library-2.11.1.jar:na]
	at play.PlayReloader$$anon$1$$anonfun$play$PlayReloader$$anon$$taskFailureHandler$1.apply(PlayReloader.scala:234) ~[na:na]
	at play.PlayReloader$$anon$1$$anonfun$play$PlayReloader$$anon$$taskFailureHandler$1.apply(PlayReloader.scala:229) ~[na:na]
	at scala.Option.map(Option.scala:145) ~[scala-library-2.11.1.jar:na]
	at play.PlayReloader$$anon$1.play$PlayReloader$$anon$$taskFailureHandler(PlayReloader.scala:229) ~[na:na]
	at play.PlayReloader$$anon$1$$anonfun$reload$2.apply(PlayReloader.scala:89) ~[na:na]
	at play.PlayReloader$$anon$1$$anonfun$reload$2.apply(PlayReloader.scala:89) ~[na:na]
	at scala.util.Either$LeftProjection.map(Either.scala:377) ~[scala-library-2.11.1.jar:na]
	at play.PlayReloader$$anon$1.reload(PlayReloader.scala:89) ~[na:na]
	at play.core.ReloadableApplication$$anonfun$get$1.apply(ApplicationProvider.scala:107) ~[play_2.11-2.3.2.jar:2.3.2]
	at play.core.ReloadableApplication$$anonfun$get$1.apply(ApplicationProvider.scala:105) ~[play_2.11-2.3.2.jar:2.3.2]
	at scala.concurrent.impl.Future$PromiseCompletingRunnable.liftedTree1$1(Future.scala:24) ~[scala-library-2.11.1.jar:na]
	at scala.concurrent.impl.Future$PromiseCompletingRunnable.run(Future.scala:24) ~[scala-library-2.11.1.jar:na]
	at scala.concurrent.forkjoin.ForkJoinTask$AdaptedRunnableAction.exec(ForkJoinTask.java:1361) ~[scala-library-2.11.1.jar:na]
	at scala.concurrent.forkjoin.ForkJoinTask.doExec(ForkJoinTask.java:260) ~[scala-library-2.11.1.jar:na]
	at scala.concurrent.forkjoin.ForkJoinPool$WorkQueue.runTask(ForkJoinPool.java:1339) ~[scala-library-2.11.1.jar:na]
	at scala.concurrent.forkjoin.ForkJoinPool.runWorker(ForkJoinPool.java:1979) ~[scala-library-2.11.1.jar:na]
	at scala.concurrent.forkjoin.ForkJoinWorkerThread.run(ForkJoinWorkerThread.java:107) ~[scala-library-2.11.1.jar:na]
04:05:11.733 [play-internal-execution-context-1] INFO  play - database [default] connected at jdbc:mysql://localhost/playframework?useUnicode=yes&characterEncoding=UTF-8&connectionCollation=utf8_general_ci
04:05:11.990 [play-internal-execution-context-1] INFO  play - Application started (Dev)
04:05:12.033 [play-akka.actor.default-dispatcher-12] INFO  application - Get History...
04:05:50.882 [play-akka.actor.default-dispatcher-15] INFO  application - Preparing Greeting message and url.
04:06:02.118 [play-akka.actor.default-dispatcher-16] INFO  application - FizzBuzz for this request:  1 2 Fizz 4 Buzz Fizz 7 8 Fizz Buzz 11 Fizz 13 14 FIzzBuzz 16 17 Fizz 19 Buzz Fizz 22 23
04:06:09.386 [play-akka.actor.default-dispatcher-15] INFO  application - Get History...
04:06:12.760 [play-akka.actor.default-dispatcher-16] INFO  application - Preparing Greeting message and url.
04:06:18.784 [play-akka.actor.default-dispatcher-15] INFO  application - Call To: 6506448847
04:06:18.785 [play-akka.actor.default-dispatcher-15] INFO  application - Call From: 6506448847
04:06:18.788 [play-akka.actor.default-dispatcher-15] INFO  application - Days: null
04:06:18.790 [play-akka.actor.default-dispatcher-15] INFO  application - Minutes: null
04:06:18.793 [play-akka.actor.default-dispatcher-15] INFO  application - Hours: null
04:06:18.794 [play-akka.actor.default-dispatcher-15] INFO  application - Seconds: 0
04:06:18.797 [play-akka.actor.default-dispatcher-15] INFO  application - Scheduling...
04:06:18.852 [play-akka.actor.default-dispatcher-15] INFO  application - Scheduled
04:06:18.852 [helloakka-akka.actor.default-dispatcher-5] INFO  application - Starting a Call..
04:06:18.860 [helloakka-akka.actor.default-dispatcher-5] INFO  application - Calling API http://e4fa2e.ngrok.com/v1/twilio/delay/0/0/0/0
04:06:20.535 [helloakka-akka.actor.default-dispatcher-5] INFO  application - Calling...
04:06:24.052 [play-akka.actor.default-dispatcher-15] INFO  application - Get History...
04:06:40.341 [play-akka.actor.default-dispatcher-16] INFO  application - Preparing Greeting message and url.
04:06:46.986 [play-akka.actor.default-dispatcher-17] INFO  application - FizzBuzz for this request:  1 2 Fizz 4 Buzz Fizz 7 8 Fizz Buzz 11
04:06:52.942 [play-akka.actor.default-dispatcher-16] INFO  application - Get History...
